2020-10-06 08:39:14,789 - INFO - ------- {  fichier log du YoctoBox } ----------
2020-10-06 08:39:14,789 - INFO - Yoctopuce IP address : 192.168.1.160
2020-10-06 08:39:14,790 - INFO - Logging depuis YoctoBlynkRaspberry.py
2020-10-06 08:39:14,790 - INFO - Délai entre deux mesures (mn): 15
2020-10-06 08:39:15,088 - INFO - Yoctopuce HUB connecté avec succès !
2020-10-06 08:39:15,088 - INFO - Création du senseur "YoctoBox Atelier"
2020-10-06 08:39:15,089 - INFO - Senseur cible identifié : METEOMK2-EB018
2020-10-06 08:39:15,090 - INFO - Création du module relais "YoctoBox relais 1 à 4"
2020-10-06 08:39:15,185 - INFO - Relais cible  : MXPWRRLY-EAA6E
2020-10-06 08:39:15,187 - INFO -    Relai 1 configuré à OFF
2020-10-06 08:39:15,188 - INFO -    Relai 2 configuré à OFF
2020-10-06 08:39:15,188 - INFO -    Relai 3 configuré à OFF
2020-10-06 08:39:15,188 - INFO -    Relai 4 configuré à OFF
2020-10-06 08:39:37,072 - INFO - Lecture du senseur TPH
2020-10-06 08:39:37,150 - INFO -   Nom du senseur          : YoctoBox Atelier
2020-10-06 08:39:37,151 - INFO -   Module du senseur       : METEOMK2-EB018
2020-10-06 08:39:37,151 - INFO -   Température (celsius)   : 23.12
2020-10-06 08:39:37,152 - INFO -   Humidité    (pourcent)  : 46.4
2020-10-06 08:39:37,153 - INFO -   Pression    (hPascal)   : 949.76
2020-10-06 08:39:37,153 - INFO - Fin de lecture du senseur TPH
2020-10-06 08:39:37,154 - INFO - Demande manuelle de lecture des données
2020-10-06 08:39:37,186 - INFO - Lecture du senseur TPH
2020-10-06 08:39:37,239 - INFO -   Nom du senseur          : YoctoBox Atelier
2020-10-06 08:39:37,240 - INFO -   Module du senseur       : METEOMK2-EB018
2020-10-06 08:39:37,240 - INFO -   Température (celsius)   : 23.12
2020-10-06 08:39:37,241 - INFO -   Humidité    (pourcent)  : 46.3
2020-10-06 08:39:37,241 - INFO -   Pression    (hPascal)   : 949.76
2020-10-06 08:39:37,242 - INFO - Fin de lecture du senseur TPH
2020-10-06 08:39:37,243 - INFO - Demande manuelle de lecture des données
2020-10-06 08:39:41,322 - INFO - Changement d'état du relai
2020-10-06 08:39:41,381 - INFO -   Nom du senseur  : YoctoBox relais 1 à 4
2020-10-06 08:39:41,382 - INFO -   Module relais   : MXPWRRLY-EAA6E
2020-10-06 08:39:41,383 - INFO -   Numéro du relai : 1
2020-10-06 08:39:41,383 - INFO -   Etat (ON/OFF)   : ON
2020-10-06 08:39:42,302 - INFO - Changement d'état du relai
2020-10-06 08:39:42,339 - INFO -   Nom du senseur  : YoctoBox relais 1 à 4
2020-10-06 08:39:42,340 - INFO -   Module relais   : MXPWRRLY-EAA6E
2020-10-06 08:39:42,341 - INFO -   Numéro du relai : 1
2020-10-06 08:39:42,341 - INFO -   Etat (ON/OFF)   : OFF
2020-10-06 08:39:43,762 - INFO - Lecture du senseur TPH
2020-10-06 08:39:43,814 - INFO -   Nom du senseur          : YoctoBox Atelier
2020-10-06 08:39:43,815 - INFO -   Module du senseur       : METEOMK2-EB018
2020-10-06 08:39:43,815 - INFO -   Température (celsius)   : 23.13
2020-10-06 08:39:43,816 - INFO -   Humidité    (pourcent)  : 46.4
2020-10-06 08:39:43,817 - INFO -   Pression    (hPascal)   : 949.78
2020-10-06 08:39:43,817 - INFO - Fin de lecture du senseur TPH
2020-10-06 08:39:43,818 - INFO - Demande manuelle de lecture des données
2020-10-06 08:39:43,878 - INFO - Lecture du senseur TPH
2020-10-06 08:39:43,928 - INFO -   Nom du senseur          : YoctoBox Atelier
2020-10-06 08:39:43,928 - INFO -   Module du senseur       : METEOMK2-EB018
2020-10-06 08:39:43,929 - INFO -   Température (celsius)   : 23.13
2020-10-06 08:39:43,929 - INFO -   Humidité    (pourcent)  : 46.4
2020-10-06 08:39:43,930 - INFO -   Pression    (hPascal)   : 949.78
2020-10-06 08:39:43,930 - INFO - Fin de lecture du senseur TPH
2020-10-06 08:39:43,931 - INFO - Demande manuelle de lecture des données
2020-10-06 08:42:16,546 - INFO - Lecture du senseur TPH
2020-10-06 08:42:16,597 - INFO -   Nom du senseur          : YoctoBox Atelier
2020-10-06 08:42:16,597 - INFO -   Module du senseur       : METEOMK2-EB018
2020-10-06 08:42:16,598 - INFO -   Température (celsius)   : 23.13
2020-10-06 08:42:16,599 - INFO -   Humidité    (pourcent)  : 46.4
2020-10-06 08:42:16,599 - INFO -   Pression    (hPascal)   : 949.81
2020-10-06 08:42:16,600 - INFO - Fin de lecture du senseur TPH
2020-10-06 08:42:16,601 - INFO - Demande manuelle de lecture des données
2020-10-06 08:42:23,876 - INFO - Changement d'état du relai
2020-10-06 08:42:23,910 - INFO -   Nom du senseur  : YoctoBox relais 1 à 4
2020-10-06 08:42:23,911 - INFO -   Module relais   : MXPWRRLY-EAA6E
2020-10-06 08:42:23,911 - INFO -   Numéro du relai : 2
2020-10-06 08:42:23,912 - INFO -   Etat (ON/OFF)   : ON
2020-10-06 08:42:26,366 - INFO - Changement d'état du relai
2020-10-06 08:42:26,402 - INFO -   Nom du senseur  : YoctoBox relais 1 à 4
2020-10-06 08:42:26,403 - INFO -   Module relais   : MXPWRRLY-EAA6E
2020-10-06 08:42:26,403 - INFO -   Numéro du relai : 2
2020-10-06 08:42:26,404 - INFO -   Etat (ON/OFF)   : OFF
2020-10-06 08:42:28,836 - INFO - Changement de Tmin : 25 
2020-10-06 08:42:31,556 - INFO - Changement de Tmax : 18 
2020-10-06 08:54:16,196 - INFO - Lecture du senseur TPH
2020-10-06 08:54:16,247 - INFO -   Nom du senseur          : YoctoBox Atelier
2020-10-06 08:54:16,248 - INFO -   Module du senseur       : METEOMK2-EB018
2020-10-06 08:54:16,248 - INFO -   Température (celsius)   : 23.11
2020-10-06 08:54:16,249 - INFO -   Humidité    (pourcent)  : 46.4
2020-10-06 08:54:16,249 - INFO -   Pression    (hPascal)   : 949.9
2020-10-06 08:54:16,250 - INFO - Fin de lecture du senseur TPH
2020-10-06 08:54:16,251 - INFO - Changement d'état du relai
2020-10-06 08:54:16,287 - INFO -   Nom du senseur  : YoctoBox relais 1 à 4
2020-10-06 08:54:16,288 - INFO -   Module relais   : MXPWRRLY-EAA6E
2020-10-06 08:54:16,288 - INFO -   Numéro du relai : 1
2020-10-06 08:54:16,289 - INFO -   Etat (ON/OFF)   : ON
2020-10-06 08:54:16,289 - INFO - Radiateur enclenché par termostat
2020-10-06 08:54:16,289 - INFO - Changement d'état du relai
2020-10-06 08:54:16,333 - INFO -   Nom du senseur  : YoctoBox relais 1 à 4
2020-10-06 08:54:16,333 - INFO -   Module relais   : MXPWRRLY-EAA6E
2020-10-06 08:54:16,334 - INFO -   Numéro du relai : 1
2020-10-06 08:54:16,334 - INFO -   Etat (ON/OFF)   : OFF
2020-10-06 08:54:16,334 - INFO - Radiateur déclenché par termostat
2020-10-06 09:09:17,286 - INFO - Lecture du senseur TPH
2020-10-06 09:09:17,337 - INFO -   Nom du senseur          : YoctoBox Atelier
2020-10-06 09:09:17,337 - INFO -   Module du senseur       : METEOMK2-EB018
2020-10-06 09:09:17,338 - INFO -   Température (celsius)   : 23.08
2020-10-06 09:09:17,338 - INFO -   Humidité    (pourcent)  : 46.4
2020-10-06 09:09:17,339 - INFO -   Pression    (hPascal)   : 949.87
2020-10-06 09:09:17,339 - INFO - Fin de lecture du senseur TPH
2020-10-06 09:09:17,340 - INFO - Changement d'état du relai
2020-10-06 09:09:17,374 - INFO -   Nom du senseur  : YoctoBox relais 1 à 4
2020-10-06 09:09:17,374 - INFO -   Module relais   : MXPWRRLY-EAA6E
2020-10-06 09:09:17,374 - INFO -   Numéro du relai : 1
2020-10-06 09:09:17,375 - INFO -   Etat (ON/OFF)   : ON
2020-10-06 09:09:17,375 - INFO - Radiateur enclenché par termostat
2020-10-06 09:09:17,375 - INFO - Changement d'état du relai
2020-10-06 09:09:17,417 - INFO -   Nom du senseur  : YoctoBox relais 1 à 4
2020-10-06 09:09:17,418 - INFO -   Module relais   : MXPWRRLY-EAA6E
2020-10-06 09:09:17,418 - INFO -   Numéro du relai : 1
2020-10-06 09:09:17,418 - INFO -   Etat (ON/OFF)   : OFF
2020-10-06 09:09:17,418 - INFO - Radiateur déclenché par termostat
2020-10-06 09:24:18,388 - INFO - Lecture du senseur TPH
2020-10-06 09:24:18,440 - INFO -   Nom du senseur          : YoctoBox Atelier
2020-10-06 09:24:18,441 - INFO -   Module du senseur       : METEOMK2-EB018
2020-10-06 09:24:18,441 - INFO -   Température (celsius)   : 23.08
2020-10-06 09:24:18,442 - INFO -   Humidité    (pourcent)  : 46.6
2020-10-06 09:24:18,442 - INFO -   Pression    (hPascal)   : 950.09
2020-10-06 09:24:18,443 - INFO - Fin de lecture du senseur TPH
2020-10-06 09:24:18,444 - INFO - Changement d'état du relai
2020-10-06 09:24:18,477 - INFO -   Nom du senseur  : YoctoBox relais 1 à 4
2020-10-06 09:24:18,478 - INFO -   Module relais   : MXPWRRLY-EAA6E
2020-10-06 09:24:18,478 - INFO -   Numéro du relai : 1
2020-10-06 09:24:18,478 - INFO -   Etat (ON/OFF)   : ON
2020-10-06 09:24:18,479 - INFO - Radiateur enclenché par termostat
2020-10-06 09:24:18,479 - INFO - Changement d'état du relai
2020-10-06 09:24:18,521 - INFO -   Nom du senseur  : YoctoBox relais 1 à 4
2020-10-06 09:24:18,522 - INFO -   Module relais   : MXPWRRLY-EAA6E
2020-10-06 09:24:18,522 - INFO -   Numéro du relai : 1
2020-10-06 09:24:18,523 - INFO -   Etat (ON/OFF)   : OFF
2020-10-06 09:24:18,523 - INFO - Radiateur déclenché par termostat
2020-10-06 09:39:19,451 - INFO - Lecture du senseur TPH
2020-10-06 09:39:19,502 - INFO -   Nom du senseur          : YoctoBox Atelier
2020-10-06 09:39:19,503 - INFO -   Module du senseur       : METEOMK2-EB018
2020-10-06 09:39:19,504 - INFO -   Température (celsius)   : 23.04
2020-10-06 09:39:19,504 - INFO -   Humidité    (pourcent)  : 46.4
2020-10-06 09:39:19,504 - INFO -   Pression    (hPascal)   : 950.04
2020-10-06 09:39:19,505 - INFO - Fin de lecture du senseur TPH
2020-10-06 09:39:19,506 - INFO - Changement d'état du relai
2020-10-06 09:39:19,540 - INFO -   Nom du senseur  : YoctoBox relais 1 à 4
2020-10-06 09:39:19,540 - INFO -   Module relais   : MXPWRRLY-EAA6E
2020-10-06 09:39:19,540 - INFO -   Numéro du relai : 1
2020-10-06 09:39:19,541 - INFO -   Etat (ON/OFF)   : ON
2020-10-06 09:39:19,541 - INFO - Radiateur enclenché par termostat
2020-10-06 09:39:19,542 - INFO - Changement d'état du relai
2020-10-06 09:39:19,588 - INFO -   Nom du senseur  : YoctoBox relais 1 à 4
2020-10-06 09:39:19,589 - INFO -   Module relais   : MXPWRRLY-EAA6E
2020-10-06 09:39:19,589 - INFO -   Numéro du relai : 1
2020-10-06 09:39:19,589 - INFO -   Etat (ON/OFF)   : OFF
2020-10-06 09:39:19,590 - INFO - Radiateur déclenché par termostat
2020-10-06 09:54:20,546 - INFO - Lecture du senseur TPH
2020-10-06 09:54:20,598 - INFO -   Nom du senseur          : YoctoBox Atelier
2020-10-06 09:54:20,599 - INFO -   Module du senseur       : METEOMK2-EB018
2020-10-06 09:54:20,599 - INFO -   Température (celsius)   : 23.03
2020-10-06 09:54:20,600 - INFO -   Humidité    (pourcent)  : 46.4
2020-10-06 09:54:20,600 - INFO -   Pression    (hPascal)   : 950.34
2020-10-06 09:54:20,600 - INFO - Fin de lecture du senseur TPH
2020-10-06 09:54:20,601 - INFO - Changement d'état du relai
2020-10-06 09:54:20,635 - INFO -   Nom du senseur  : YoctoBox relais 1 à 4
2020-10-06 09:54:20,636 - INFO -   Module relais   : MXPWRRLY-EAA6E
2020-10-06 09:54:20,636 - INFO -   Numéro du relai : 1
2020-10-06 09:54:20,636 - INFO -   Etat (ON/OFF)   : ON
2020-10-06 09:54:20,637 - INFO - Radiateur enclenché par termostat
2020-10-06 09:54:20,637 - INFO - Changement d'état du relai
2020-10-06 09:54:20,680 - INFO -   Nom du senseur  : YoctoBox relais 1 à 4
2020-10-06 09:54:20,680 - INFO -   Module relais   : MXPWRRLY-EAA6E
2020-10-06 09:54:20,681 - INFO -   Numéro du relai : 1
2020-10-06 09:54:20,681 - INFO -   Etat (ON/OFF)   : OFF
2020-10-06 09:54:20,681 - INFO - Radiateur déclenché par termostat
